2020-02-20 22:15:22,043 [Worker-0: Loading available Gradle versions] INFO  o.e.b.c.i.u.g.PublishedGradleVersions - Gradle version information cache is up-to-date. Trying to read.
2020-02-20 22:16:12,144 [Worker-10: Importing Maven projects] INFO  o.e.m.c.i.l.LifecycleMappingFactory - Using org.maven.ide.eclipse.wtp.WarLifecycleMapping lifecycle mapping for MavenProject: com.cjc:PRODUCER-ARC-SERVICES:0.0.1-SNAPSHOT @ C:\Users\DA0327TU\Desktop\2PRODUCER-ARC-SERVICES2\pom.xml.
2020-02-20 22:16:21,044 [Worker-10: Importing Maven projects] INFO  o.e.m.j.i.AbstractJavaProjectConfigurator - Adding source folder /PRODUCER-ARC-SERVICES/src/main/java
2020-02-20 22:16:21,046 [Worker-10: Importing Maven projects] INFO  o.e.m.j.i.AbstractJavaProjectConfigurator - Adding resource folder /PRODUCER-ARC-SERVICES/src/main/resources
2020-02-20 22:16:21,047 [Worker-10: Importing Maven projects] INFO  o.e.m.j.i.AbstractJavaProjectConfigurator - Adding resource folder /PRODUCER-ARC-SERVICES/src/main/resources
2020-02-20 22:16:21,048 [Worker-10: Importing Maven projects] INFO  o.e.m.j.i.AbstractJavaProjectConfigurator - Adding source folder /PRODUCER-ARC-SERVICES/src/test/java
2020-02-20 22:16:23,623 [Worker-10: Importing Maven projects] INFO  o.e.m.c.i.p.ProjectConfigurationManager - Imported and configured 1 project(s) in 20 sec
2020-02-20 22:16:26,625 [Worker-6: Building workspace] INFO  o.e.m.c.i.embedder.EclipseLogger - Using 'UTF-8' encoding to copy filtered resources.
2020-02-20 22:16:26,633 [Worker-6: Building workspace] INFO  o.e.m.c.i.embedder.EclipseLogger - Copying 1 resource
2020-02-20 22:16:26,680 [Worker-6: Building workspace] INFO  o.e.m.c.i.embedder.EclipseLogger - Copying 0 resource
2020-02-20 22:16:26,685 [Worker-6: Building workspace] INFO  o.e.m.c.i.embedder.EclipseLogger - Using 'UTF-8' encoding to copy filtered resources.
2020-02-20 22:16:26,686 [Worker-6: Building workspace] INFO  o.e.m.c.i.embedder.EclipseLogger - skip non existing resourceDirectory C:\Users\DA0327TU\Desktop\2PRODUCER-ARC-SERVICES2\src\test\resources
2020-02-20 22:18:51,115 [Worker-4: Importing Maven projects] INFO  o.e.m.c.i.l.LifecycleMappingFactory - Using org.maven.ide.eclipse.wtp.WarLifecycleMapping lifecycle mapping for MavenProject: com.cjc:PRODUCER-ARC-SERVICES:0.0.1-SNAPSHOT @ C:\Users\DA0327TU\GITHUBPROJECT\2PRODUCER-ARC-SERVICES2\pom.xml.
2020-02-20 22:18:54,143 [Worker-4: Importing Maven projects] INFO  o.e.m.j.i.AbstractJavaProjectConfigurator - Adding source folder /2PRODUCER-ARC-SERVICES2/src/main/java
2020-02-20 22:18:54,144 [Worker-4: Importing Maven projects] INFO  o.e.m.j.i.AbstractJavaProjectConfigurator - Adding resource folder /2PRODUCER-ARC-SERVICES2/src/main/resources
2020-02-20 22:18:54,145 [Worker-4: Importing Maven projects] INFO  o.e.m.j.i.AbstractJavaProjectConfigurator - Adding resource folder /2PRODUCER-ARC-SERVICES2/src/main/resources
2020-02-20 22:18:54,146 [Worker-4: Importing Maven projects] INFO  o.e.m.j.i.AbstractJavaProjectConfigurator - Adding source folder /2PRODUCER-ARC-SERVICES2/src/test/java
2020-02-20 22:18:56,288 [Worker-4: Importing Maven projects] INFO  o.e.m.c.i.p.ProjectConfigurationManager - Imported and configured 1 project(s) in 6 sec
2020-02-20 22:18:58,237 [Worker-6: Building workspace] INFO  o.e.m.c.i.embedder.EclipseLogger - Using 'UTF-8' encoding to copy filtered resources.
2020-02-20 22:18:58,239 [Worker-6: Building workspace] INFO  o.e.m.c.i.embedder.EclipseLogger - Copying 1 resource
2020-02-20 22:18:58,287 [Worker-6: Building workspace] INFO  o.e.m.c.i.embedder.EclipseLogger - Copying 0 resource
